<?xml version="1.0" encoding="UTF-8"?>
<!-- Generated by org.testng.reporters.JUnitXMLReporter -->
<testsuite ignored="0" hostname="MacBook-Pro-de-macbook-m1.local" failures="0" tests="2" name="Surefire test" time="136.664" errors="0" timestamp="2023-01-17T16:48:29 ART">
  <testcase classname="io.cucumber.testng.AbstractTestNGCucumberTests" name="runScenario" time="88.355"/>
  <testcase classname="io.cucumber.testng.AbstractTestNGCucumberTests" name="runScenario" time="45.309"/>
</testsuite> <!-- Surefire test -->
