<?xml version="1.0" encoding="UTF-8"?>
<testsuite xmlns:xsi="http://www.w3.org/2001/XMLSchema-instance" xsi:noNamespaceSchemaLocation="https://maven.apache.org/surefire/maven-surefire-plugin/xsd/surefire-test-report-3.0.xsd" version="3.0" name="tests.TestRunner" time="87.01" tests="1" errors="0" skipped="0" failures="0">
  <properties>
[...]
</properties>
  <testcase name="runScenario[&quot;Reserve a hotel room in Cusco&quot;, &quot;Reserve accommodation in Cusco&quot;](1)" classname="tests.TestRunner" time="78.731">
    <system-out><![CDATA[
@ExampleTag
Scenario: Reserve a hotel room in Cusco                                                          &amp#27;[90m# src/test/resources/features/Reserve.feature:6&amp#27;[0m
  &amp#27;[32mGiven &amp#27;[0m&amp#27;[32mI am on the booking website homepage&amp#27;[0m                                                     &amp#27;[90m# com.autoc0de.steps.Booking.iAmOnTheBookingWebsiteHomepage()&amp#27;[0m
  &amp#27;[32mWhen &amp#27;[0m&amp#27;[32mI search for available hotels in &amp#27;[0m&amp#27;[32m&amp#27;[1m"Cusco"&amp#27;[0m                                                  &amp#27;[90m# com.autoc0de.steps.Booking.iSearchForAvailableHotelsIn(java.lang.String)&amp#27;[0m
  &amp#27;[32mAnd &amp#27;[0m&amp#27;[32mI select the check-in date &amp#27;[0m&amp#27;[32m&amp#27;[1m"14 February 2023"&amp#27;[0m&amp#27;[32m and check-out date &amp#27;[0m&amp#27;[32m&amp#27;[1m"28 February 2023"&amp#27;[0m        &amp#27;[90m# com.autoc0de.steps.Booking.iSelectTheCheckInDateAndCheckOutDate(java.lang.String,java.lang.String)&amp#27;[0m
  &amp#27;[32mAnd &amp#27;[0m&amp#27;[32mI select &amp#27;[0m&amp#27;[32m&amp#27;[1m1&amp#27;[0m&amp#27;[32m room, &amp#27;[0m&amp#27;[32m&amp#27;[1m2&amp#27;[0m&amp#27;[32m adults and &amp#27;[0m&amp#27;[32m&amp#27;[1m1&amp#27;[0m&amp#27;[32m child of &amp#27;[0m&amp#27;[32m&amp#27;[1m5&amp#27;[0m&amp#27;[32m years old&amp#27;[0m                                       &amp#27;[90m# com.autoc0de.steps.Booking.iSelectRoomAdultsAndChildOfYearsOld(int,int,int,int)&amp#27;[0m

  &amp#27;[32mAnd &amp#27;[0m&amp#27;[32mI choose the &amp#27;[0m&amp#27;[32m&amp#27;[1m1&amp#27;[0m&amp#27;[32mnd hotel from the search results&amp#27;[0m                                             &amp#27;[90m# com.autoc0de.steps.Booking.iChooseTheNdHotelFromTheSearchResults(int)&amp#27;[0m
  &amp#27;[32mAnd &amp#27;[0m&amp#27;[32mI select the &amp#27;[0m&amp#27;[32m&amp#27;[1m1&amp#27;[0m&amp#27;[32m option of room type&amp#27;[0m                                                         &amp#27;[90m# com.autoc0de.steps.Booking.iSelectTheFirstOptionOfRoomType(int)&amp#27;[0m
  &amp#27;[32mAnd &amp#27;[0m&amp#27;[32mI enter my personal info &amp#27;[0m&amp#27;[32m&amp#27;[1m"Juan"&amp#27;[0m&amp#27;[32m, &amp#27;[0m&amp#27;[32m&amp#27;[1m"Munoz"&amp#27;[0m&amp#27;[32m, &amp#27;[0m&amp#27;[32m&amp#27;[1m"nhxu_tpeou65@pihey.com"&amp#27;[0m&amp#27;[32m,&amp#27;[0m&amp#27;[32m&amp#27;[1m"Argentina"&amp#27;[0m&amp#27;[32m,&amp#27;[0m&amp#27;[32m&amp#27;[1m"261654321"&amp#27;[0m &amp#27;[90m# com.autoc0de.steps.Booking.iEnterMyPersonalInfo(java.lang.String,java.lang.String,java.lang.String,java.lang.String,java.lang.String)&amp#27;[0m
  &amp#27;[32mAnd &amp#27;[0m&amp#27;[32mI enter my card info &amp#27;[0m&amp#27;[32m&amp#27;[1m"5165850000000008"&amp#27;[0m&amp#27;[32m, &amp#27;[0m&amp#27;[32m&amp#27;[1m"12/29"&amp#27;[0m&amp#27;[32m, &amp#27;[0m&amp#27;[32m&amp#27;[1m"123"&amp#27;[0m&amp#27;[32m and confirm the reservation&amp#27;[0m        &amp#27;[90m# com.autoc0de.steps.Booking.iEnterCardExpCVCAndConfirmTheReservation(java.lang.String,java.lang.String,java.lang.String)&amp#27;[0m
  &amp#27;[32mThen &amp#27;[0m&amp#27;[32mI should see a confirmation page with the details of my reservation&amp#27;[0m                       &amp#27;[90m# com.autoc0de.steps.Booking.iShouldSeeAConfirmationPageWithTheDetailsOfMyReservation()&amp#27;[0m
]]></system-out>
    <system-err><![CDATA[SLF4J: Failed to load class "org.slf4j.impl.StaticLoggerBinder".
SLF4J: Defaulting to no-operation (NOP) logger implementation
SLF4J: See http://www.slf4j.org/codes.html#StaticLoggerBinder for further details.
ene. 16, 2023 1:04:04 P.M. io.appium.java_client.remote.AppiumCommandExecutor$1 lambda$0
INFORMACI?N: Detected dialect: W3C
]]></system-err>
  </testcase>
</testsuite>