<?xml version="1.0" encoding="UTF-8"?>
<testng-results ignored="0" total="1" passed="1" failed="0" skipped="0">
  <reporter-output>
  </reporter-output>
  <suite started-at="2023-01-16T13:03:54 ART" name="Surefire suite" finished-at="2023-01-16T13:05:16 ART" duration-ms="81253">
    <groups>
      <group name="cucumber">
        <method signature="AbstractTestNGCucumberTests.runScenario(io.cucumber.testng.PickleWrapper,io.cucumber.testng.FeatureWrapper)[pri:0, instance:tests.TestRunner@10959ece]" name="runScenario" class="io.cucumber.testng.AbstractTestNGCucumberTests"/>
      </group> <!-- cucumber -->
    </groups>
    <test started-at="2023-01-16T13:03:54 ART" name="Surefire test" finished-at="2023-01-16T13:05:16 ART" duration-ms="81253">
      <class name="tests.TestRunner">
        <test-method is-config="true" signature="setUpClass(org.testng.ITestContext)[pri:0, instance:tests.TestRunner@10959ece]" started-at="2023-01-16T13:03:54 ART" name="setUpClass" finished-at="2023-01-16T13:03:55 ART" duration-ms="1143" status="PASS">
          <params>
            <param index="0">
              <value>
                <![CDATA[org.testng.TestRunner@6f91fbda]]>
              </value>
            </param>
          </params>
          <reporter-output>
          </reporter-output>
        </test-method> <!-- setUpClass -->
        <test-method signature="runScenario(io.cucumber.testng.PickleWrapper,io.cucumber.testng.FeatureWrapper)[pri:0, instance:tests.TestRunner@10959ece]" started-at="2023-01-16T13:03:56 ART" name="runScenario" description="Runs Cucumber Scenarios" data-provider="scenarios" finished-at="2023-01-16T13:05:14 ART" duration-ms="78560" status="PASS">
          <params>
            <param index="0">
              <value>
                <![CDATA["Reserve a hotel room in Cusco"]]>
              </value>
            </param>
            <param index="1">
              <value>
                <![CDATA["Reserve accommodation in Cusco"]]>
              </value>
            </param>
          </params>
          <reporter-output>
          </reporter-output>
        </test-method> <!-- runScenario -->
        <test-method is-config="true" signature="tearDownClass()[pri:0, instance:tests.TestRunner@10959ece]" started-at="2023-01-16T13:05:14 ART" name="tearDownClass" finished-at="2023-01-16T13:05:16 ART" duration-ms="1303" status="PASS">
          <reporter-output>
          </reporter-output>
        </test-method> <!-- tearDownClass -->
      </class> <!-- tests.TestRunner -->
    </test> <!-- Surefire test -->
  </suite> <!-- Surefire suite -->
</testng-results>
