<?xml version="1.0" encoding="UTF-8"?>
<testng-results ignored="0" total="2" passed="2" failed="0" skipped="0">
  <reporter-output>
  </reporter-output>
  <suite started-at="2023-01-17T16:46:07 ART" name="Surefire suite" finished-at="2023-01-17T16:48:24 ART" duration-ms="136664">
    <groups>
      <group name="cucumber">
        <method signature="AbstractTestNGCucumberTests.runScenario(io.cucumber.testng.PickleWrapper,io.cucumber.testng.FeatureWrapper)[pri:0, instance:tests.TestRunner@10959ece]" name="runScenario" class="io.cucumber.testng.AbstractTestNGCucumberTests"/>
      </group> <!-- cucumber -->
    </groups>
    <test started-at="2023-01-17T16:46:07 ART" name="Surefire test" finished-at="2023-01-17T16:48:24 ART" duration-ms="136664">
      <class name="tests.TestRunner">
        <test-method is-config="true" signature="setUpClass(org.testng.ITestContext)[pri:0, instance:tests.TestRunner@10959ece]" started-at="2023-01-17T16:46:07 ART" name="setUpClass" finished-at="2023-01-17T16:46:09 ART" duration-ms="1232" status="PASS">
          <params>
            <param index="0">
              <value>
                <![CDATA[org.testng.TestRunner@7b8aebd0]]>
              </value>
            </param>
          </params>
          <reporter-output>
          </reporter-output>
        </test-method> <!-- setUpClass -->
        <test-method signature="runScenario(io.cucumber.testng.PickleWrapper,io.cucumber.testng.FeatureWrapper)[pri:0, instance:tests.TestRunner@10959ece]" started-at="2023-01-17T16:46:09 ART" name="runScenario" description="Runs Cucumber Scenarios" data-provider="scenarios" finished-at="2023-01-17T16:47:37 ART" duration-ms="88355" status="PASS">
          <params>
            <param index="0">
              <value>
                <![CDATA["Reserve a hotel room in Cusco"]]>
              </value>
            </param>
            <param index="1">
              <value>
                <![CDATA["Reserve accommodation in Cusco"]]>
              </value>
            </param>
          </params>
          <reporter-output>
          </reporter-output>
        </test-method> <!-- runScenario -->
        <test-method signature="runScenario(io.cucumber.testng.PickleWrapper,io.cucumber.testng.FeatureWrapper)[pri:0, instance:tests.TestRunner@10959ece]" started-at="2023-01-17T16:47:37 ART" name="runScenario" description="Runs Cucumber Scenarios" data-provider="scenarios" finished-at="2023-01-17T16:48:22 ART" duration-ms="45309" status="PASS">
          <params>
            <param index="0">
              <value>
                <![CDATA["Unhappy Reserve a hotel room"]]>
              </value>
            </param>
            <param index="1">
              <value>
                <![CDATA["Reserve accommodation in Cusco"]]>
              </value>
            </param>
          </params>
          <reporter-output>
          </reporter-output>
        </test-method> <!-- runScenario -->
        <test-method is-config="true" signature="tearDownClass()[pri:0, instance:tests.TestRunner@10959ece]" started-at="2023-01-17T16:48:23 ART" name="tearDownClass" finished-at="2023-01-17T16:48:24 ART" duration-ms="1518" status="PASS">
          <reporter-output>
          </reporter-output>
        </test-method> <!-- tearDownClass -->
      </class> <!-- tests.TestRunner -->
    </test> <!-- Surefire test -->
  </suite> <!-- Surefire suite -->
</testng-results>
